<?xml version="1.0" encoding="UTF-8"?>
<!-- Generated by org.testng.reporters.JUnitReportReporter -->
<testsuite hostname="shubhams-MacBook-Air.local" failures="0" tests="1" name="api.endpoints.demo" time="0.009" errors="0" timestamp="2024-06-01T23:24:39 IST" skipped="0">
  <testcase classname="api.endpoints.demo" name="test" time="0.009"/>
  <system-out/>
</testsuite> <!-- api.endpoints.demo -->
