<?xml version="1.0" encoding="UTF-8"?>
<!-- Generated by org.testng.reporters.JUnitReportReporter -->
<testsuite hostname="shubhams-MacBook-Air.local" failures="0" tests="4" name="api.test.UserTests" time="7.776" errors="0" timestamp="2024-06-02T23:44:34 IST" skipped="0">
  <testcase classname="api.test.UserTests" name="testPostUser" time="2.507"/>
  <system-out/>
  <testcase classname="api.test.UserTests" name="testGetUserbyName" time="2.096"/>
  <system-out/>
  <testcase classname="api.test.UserTests" name="testUpdateUserbyName" time="1.526"/>
  <system-out/>
  <testcase classname="api.test.UserTests" name="deleteUserByName" time="1.647"/>
  <system-out/>
</testsuite> <!-- api.test.UserTests -->
