<?xml version="1.0" encoding="UTF-8"?>
<!-- Generated by org.testng.reporters.JUnitReportReporter -->
<testsuite hostname="shubhams-MacBook-Air.local" failures="0" tests="4" name="api.test.UserTests" time="9.963" errors="0" timestamp="2024-09-14T15:34:30 IST" skipped="0">
  <testcase classname="api.test.UserTests" name="testPostUser" time="5.103"/>
  <system-out/>
  <testcase classname="api.test.UserTests" name="testGetUserbyName" time="1.598"/>
  <system-out/>
  <testcase classname="api.test.UserTests" name="testUpdateUserbyName" time="1.645"/>
  <system-out/>
  <testcase classname="api.test.UserTests" name="deleteUserByName" time="1.617"/>
  <system-out/>
</testsuite> <!-- api.test.UserTests -->
